23:50:08 **** Incremental Build of configuration Debug for project Bootloader ****
make -j12 all 
arm-none-eabi-gcc "../Core/Src/main.c" -mcpu=cortex-m4 -std=gnu11 -g3 -DDEBUG -DSTM32F4xxxG -DGPL_LICENSE_TERMS_ACCEPTED -DUSE_HAL_DRIVER -DSTM32F407xx -c -I../Core/Inc -I"/home/tecna-smart-lab/GitHub/OTA_Consulting/Firmware/OTA_Package/Middlewares/ymodem" -I"/home/tecna-smart-lab/GitHub/OTA_Consulting/Firmware/OTA_Package/Middlewares/CycloneBOOT_Open_2_5_0/cyclone_boot/drivers/memory/flash/external" -I"/home/tecna-smart-lab/GitHub/OTA_Consulting/Firmware/OTA_Package/Middlewares/w25q" -I"/home/tecna-smart-lab/GitHub/OTA_Consulting/Firmware/Bootloader/OTA/config" -I"/home/tecna-smart-lab/GitHub/OTA_Consulting/Firmware/OTA_Package/Middlewares/CycloneBOOT_Open_2_5_0/common" -I"/home/tecna-smart-lab/GitHub/OTA_Consulting/Firmware/OTA_Package/Middlewares/CycloneBOOT_Open_2_5_0/cyclone_boot" -I"/home/tecna-smart-lab/GitHub/OTA_Consulting/Firmware/OTA_Package/Middlewares/CycloneBOOT_Open_2_5_0/cyclone_crypto" -I"/home/tecna-smart-lab/GitHub/OTA_Consulting/Firmware/OTA_Package/Middlewares/lwprintf/src/include" -I"/home/tecna-smart-lab/GitHub/OTA_Consulting/Firmware/OTA_Package/Middlewares/stm32_log" -I"/home/tecna-smart-lab/GitHub/OTA_Consulting/Firmware/OTA_Package/Middlewares/lwprintf/src/include/lwprintf" -I../Drivers/STM32F4xx_HAL_Driver/Inc -I../Drivers/STM32F4xx_HAL_Driver/Inc/Legacy -I../Drivers/CMSIS/Device/ST/STM32F4xx/Include -I../Drivers/CMSIS/Include -Og -ffunction-sections -fdata-sections -Wall -fstack-usage -fcyclomatic-complexity -MMD -MP -MF"Core/Src/main.d" -MT"Core/Src/main.o" --specs=nano.specs -mfpu=fpv4-sp-d16 -mfloat-abi=hard -mthumb -o "Core/Src/main.o"
arm-none-eabi-gcc -o "Bootloader.elf" @"objects.list"   -mcpu=cortex-m4 -T"/home/tecna-smart-lab/GitHub/OTA_Consulting/Firmware/Bootloader/STM32F407VGTX_FLASH.ld" --specs=nosys.specs -Wl,-Map="Bootloader.map" -Wl,--gc-sections -static --specs=nano.specs -mfpu=fpv4-sp-d16 -mfloat-abi=hard -mthumb -Wl,--start-group -lc -lm -Wl,--end-group
Finished building target: Bootloader.elf
 
arm-none-eabi-size  Bootloader.elf 
arm-none-eabi-objdump -h -S Bootloader.elf  > "Bootloader.list"
   text	   data	    bss	    dec	    hex	filename
  20312	    124	   2180	  22616	   5858	Bootloader.elf
Finished building: default.size.stdout
 
Finished building: Bootloader.list
 
23:50:12 **** Incremental Build of configuration Debug for project Bootloader ****
make -j12 all 
arm-none-eabi-size  Bootloader.elf 
   text	   data	    bss	    dec	    hex	filename
  20312	    124	   2180	  22616	   5858	Bootloader.elf
Finished building: default.size.stdout
 
23:51:22 **** Incremental Build of configuration Debug for project Bootloader ****
make -j12 all 
arm-none-eabi-size  Bootloader.elf 
   text	   data	    bss	    dec	    hex	filename
  20312	    124	   2180	  22616	   5858	Bootloader.elf
Finished building: default.size.stdout
 
